Listing /home/lukasz/Pulpit/PAP_Proj2/myClient/src ...
Compiling /home/lukasz/Pulpit/PAP_Proj2/myClient/src/AdminPanel.py ...
Compiling /home/lukasz/Pulpit/PAP_Proj2/myClient/src/MainFrame.py ...
Compiling /home/lukasz/Pulpit/PAP_Proj2/myClient/src/__init__.py ...
Compiling /home/lukasz/Pulpit/PAP_Proj2/myClient/src/myClient.py ...
Listing /home/lukasz/Pulpit/PAP_Proj2/myClient/src ...
Compiling /home/lukasz/Pulpit/PAP_Proj2/myClient/src/AdminPanel.py ...
Compiling /home/lukasz/Pulpit/PAP_Proj2/myClient/src/MainFrame.py ...
Compiling /home/lukasz/Pulpit/PAP_Proj2/myClient/src/__init__.py ...
Compiling /home/lukasz/Pulpit/PAP_Proj2/myClient/src/myClient.py ...
Listing /home/lukasz/Pulpit/PAP_Proj2/myClient/src ...
Compiling /home/lukasz/Pulpit/PAP_Proj2/myClient/src/AdminPanel.py ...
Compiling /home/lukasz/Pulpit/PAP_Proj2/myClient/src/MainFrame.py ...
Compiling /home/lukasz/Pulpit/PAP_Proj2/myClient/src/__init__.py ...
Compiling /home/lukasz/Pulpit/PAP_Proj2/myClient/src/myClient.py ...
Listing /home/lukasz/Pulpit/PAP_Proj2/myClient/src ...
Compiling /home/lukasz/Pulpit/PAP_Proj2/myClient/src/AdminPanel.py ...
Compiling /home/lukasz/Pulpit/PAP_Proj2/myClient/src/MainFrame.py ...
Compiling /home/lukasz/Pulpit/PAP_Proj2/myClient/src/__init__.py ...
Compiling /home/lukasz/Pulpit/PAP_Proj2/myClient/src/myClient.py ...
Listing /home/lukasz/Pulpit/PAP_Proj2/myClient/src ...
Compiling /home/lukasz/Pulpit/PAP_Proj2/myClient/src/AdminPanel.py ...
Compiling /home/lukasz/Pulpit/PAP_Proj2/myClient/src/MainFrame.py ...
Compiling /home/lukasz/Pulpit/PAP_Proj2/myClient/src/__init__.py ...
Compiling /home/lukasz/Pulpit/PAP_Proj2/myClient/src/myClient.py ...
Listing /home/lukasz/Pulpit/PAP_Proj2/myClient/src ...
Compiling /home/lukasz/Pulpit/PAP_Proj2/myClient/src/AdminPanel.py ...
Compiling /home/lukasz/Pulpit/PAP_Proj2/myClient/src/MainFrame.py ...
Compiling /home/lukasz/Pulpit/PAP_Proj2/myClient/src/__init__.py ...
Compiling /home/lukasz/Pulpit/PAP_Proj2/myClient/src/myClient.py ...
Listing /home/lukasz/Pulpit/PAP_Proj2/myClient/src ...
Compiling /home/lukasz/Pulpit/PAP_Proj2/myClient/src/AdminPanel.py ...
Compiling /home/lukasz/Pulpit/PAP_Proj2/myClient/src/MainFrame.py ...
Compiling /home/lukasz/Pulpit/PAP_Proj2/myClient/src/__init__.py ...
Compiling /home/lukasz/Pulpit/PAP_Proj2/myClient/src/myClient.py ...
Listing /home/lukasz/Pulpit/PAP_Proj2/myClient/src ...
Compiling /home/lukasz/Pulpit/PAP_Proj2/myClient/src/AdminPanel.py ...
Compiling /home/lukasz/Pulpit/PAP_Proj2/myClient/src/MainFrame.py ...
Compiling /home/lukasz/Pulpit/PAP_Proj2/myClient/src/__init__.py ...
Compiling /home/lukasz/Pulpit/PAP_Proj2/myClient/src/myClient.py ...
Listing /home/lukasz/Pulpit/PAP_Proj2/myClient/src ...
Compiling /home/lukasz/Pulpit/PAP_Proj2/myClient/src/AdminPanel.py ...
Compiling /home/lukasz/Pulpit/PAP_Proj2/myClient/src/MainFrame.py ...
Compiling /home/lukasz/Pulpit/PAP_Proj2/myClient/src/__init__.py ...
Compiling /home/lukasz/Pulpit/PAP_Proj2/myClient/src/myClient.py ...
Listing /home/lukasz/Pulpit/PAP_Proj2/myClient/src ...
Compiling /home/lukasz/Pulpit/PAP_Proj2/myClient/src/AdminPanel.py ...
Compiling /home/lukasz/Pulpit/PAP_Proj2/myClient/src/MainFrame.py ...
Compiling /home/lukasz/Pulpit/PAP_Proj2/myClient/src/__init__.py ...
Compiling /home/lukasz/Pulpit/PAP_Proj2/myClient/src/myClient.py ...
Listing /home/lukasz/Pulpit/PAP_Proj2/myClient/src ...
Compiling /home/lukasz/Pulpit/PAP_Proj2/myClient/src/AdminPanel.py ...
Compiling /home/lukasz/Pulpit/PAP_Proj2/myClient/src/MainFrame.py ...
Compiling /home/lukasz/Pulpit/PAP_Proj2/myClient/src/__init__.py ...
Compiling /home/lukasz/Pulpit/PAP_Proj2/myClient/src/myClient.py ...
Listing /home/lukasz/Pulpit/PAP_Proj2/myClient/src ...
Compiling /home/lukasz/Pulpit/PAP_Proj2/myClient/src/AdminPanel.py ...
Compiling /home/lukasz/Pulpit/PAP_Proj2/myClient/src/MainFrame.py ...
Compiling /home/lukasz/Pulpit/PAP_Proj2/myClient/src/__init__.py ...
Compiling /home/lukasz/Pulpit/PAP_Proj2/myClient/src/myClient.py ...
Listing /home/lukasz/Pulpit/PAP_Proj2/myClient/src ...
Compiling /home/lukasz/Pulpit/PAP_Proj2/myClient/src/AdminPanel.py ...
Compiling /home/lukasz/Pulpit/PAP_Proj2/myClient/src/MainFrame.py ...
Compiling /home/lukasz/Pulpit/PAP_Proj2/myClient/src/__init__.py ...
Compiling /home/lukasz/Pulpit/PAP_Proj2/myClient/src/myClient.py ...
Listing /home/lukasz/Pulpit/PAP_Proj2/myClient/src ...
Compiling /home/lukasz/Pulpit/PAP_Proj2/myClient/src/AdminPanel.py ...
Compiling /home/lukasz/Pulpit/PAP_Proj2/myClient/src/MainFrame.py ...
Compiling /home/lukasz/Pulpit/PAP_Proj2/myClient/src/__init__.py ...
Compiling /home/lukasz/Pulpit/PAP_Proj2/myClient/src/myClient.py ...
Listing /home/lukasz/Pulpit/PAP_Proj2/myClient/src ...
Compiling /home/lukasz/Pulpit/PAP_Proj2/myClient/src/AdminPanel.py ...
Compiling /home/lukasz/Pulpit/PAP_Proj2/myClient/src/MainFrame.py ...
Compiling /home/lukasz/Pulpit/PAP_Proj2/myClient/src/__init__.py ...
Compiling /home/lukasz/Pulpit/PAP_Proj2/myClient/src/myClient.py ...
Listing /home/lukasz/Pulpit/PAP_Proj2/myClient/src ...
Compiling /home/lukasz/Pulpit/PAP_Proj2/myClient/src/AdminPanel.py ...
Compiling /home/lukasz/Pulpit/PAP_Proj2/myClient/src/MainFrame.py ...
Compiling /home/lukasz/Pulpit/PAP_Proj2/myClient/src/__init__.py ...
Compiling /home/lukasz/Pulpit/PAP_Proj2/myClient/src/myClient.py ...
Listing /home/lukasz/Pulpit/PAP_Proj2/myClient/src ...
Compiling /home/lukasz/Pulpit/PAP_Proj2/myClient/src/AdminPanel.py ...
Compiling /home/lukasz/Pulpit/PAP_Proj2/myClient/src/MainFrame.py ...
Compiling /home/lukasz/Pulpit/PAP_Proj2/myClient/src/__init__.py ...
Compiling /home/lukasz/Pulpit/PAP_Proj2/myClient/src/myClient.py ...
Listing /home/lukasz/Pulpit/PAP_Proj2/myClient/src ...
Compiling /home/lukasz/Pulpit/PAP_Proj2/myClient/src/AdminPanel.py ...
Compiling /home/lukasz/Pulpit/PAP_Proj2/myClient/src/MainFrame.py ...
Compiling /home/lukasz/Pulpit/PAP_Proj2/myClient/src/__init__.py ...
Compiling /home/lukasz/Pulpit/PAP_Proj2/myClient/src/myClient.py ...
Listing /home/lukasz/Pulpit/PAP_Proj2/myClient/src ...
Compiling /home/lukasz/Pulpit/PAP_Proj2/myClient/src/AdminPanel.py ...
Compiling /home/lukasz/Pulpit/PAP_Proj2/myClient/src/MainFrame.py ...
Compiling /home/lukasz/Pulpit/PAP_Proj2/myClient/src/__init__.py ...
Compiling /home/lukasz/Pulpit/PAP_Proj2/myClient/src/myClient.py ...
Listing /home/lukasz/Pulpit/PAP_Proj2/myClient/src ...
Compiling /home/lukasz/Pulpit/PAP_Proj2/myClient/src/AdminPanel.py ...
Compiling /home/lukasz/Pulpit/PAP_Proj2/myClient/src/MainFrame.py ...
Compiling /home/lukasz/Pulpit/PAP_Proj2/myClient/src/__init__.py ...
Compiling /home/lukasz/Pulpit/PAP_Proj2/myClient/src/myClient.py ...
